<?xml version="1.0" encoding="UTF-8"?>
<TestRun id="055b37ca-256b-4af8-a9a7-87de9a7f3507" name="jamyers@CCS10600LT 2012-04-06 10:12:23" runUser="CCS\jamyers" xmlns="http://microsoft.com/schemas/VisualStudio/TeamTest/2010">
  <TestSettings name="Default Test Settings" id="70eec57c-064d-4d5d-9bef-b42dad5de0f9">
    <Deployment runDeploymentRoot="jamyers_CCS10600LT 2012-04-06 10_12_23">
      <DeploymentItem filename="c:\users\jamyers\documents\visual studio 2010\Projects\InfraDoc\InfraDoc\bin\InfraDoc.dll" />
      <DeploymentItem filename="C:\Users\jamyers\Documents\Visual Studio 2010\Projects\InfraDoc\InfraDoc.Data\bin\Debug\InfraDoc.Data.exe" />
      <DeploymentItem filename="C:\Users\jamyers\Documents\Visual Studio 2010\Projects\InfraDoc\InfraDoc.Services\bin\Debug\InfraDoc.Services.exe" />
    </Deployment>
    <Execution>
      <TestTypeSpecific />
      <AgentRule name="Execution Agents">
      </AgentRule>
    </Execution>
  </TestSettings>
  <Times creation="2012-04-06T10:12:23.9254136-05:00" queuing="2012-04-06T10:12:24.5653944-05:00" start="2012-04-06T10:12:24.5753941-05:00" finish="2012-04-06T10:12:25.0153809-05:00" />
  <ResultSummary outcome="Completed">
    <Counters total="11" executed="11" passed="11" error="0" failed="0" timeout="0" aborted="0" inconclusive="0" passedButRunAborted="0" notRunnable="0" notExecuted="0" disconnected="0" warning="0" completed="0" inProgress="0" pending="0" />
  </ResultSummary>
  <TestDefinitions>
    <UnitTest name="Repository_SiteFilter_Returns_2_Contacts_With_Site_1" storage="c:\users\jamyers\documents\visual studio 2010\projects\infradoc\infradoc.tests\bin\debug\infradoc.tests.dll" id="7e9f73dd-243d-0385-84c2-425cb200fde9">
      <Execution id="7fd2d0ba-3a1e-4319-8482-f7ce61e2795c" />
      <TestMethod codeBase="C:/Users/jamyers/documents/visual studio 2010/Projects/InfraDoc/InfraDoc.Tests/bin/Debug/InfraDoc.Tests.DLL" adapterTypeName="Microsoft.VisualStudio.TestTools.TestTypes.Unit.UnitTestAdapter, Microsoft.VisualStudio.QualityTools.Tips.UnitTest.Adapter, Version=10.0.0.0, Culture=neutral, PublicKeyToken=b03f5f7f11d50a3a" className="InfraDoc.Tests.ContactTests, InfraDoc.Tests, Version=1.0.0.0, Culture=neutral, PublicKeyToken=null" name="Repository_SiteFilter_Returns_2_Contacts_With_Site_1" />
    </UnitTest>
    <UnitTest name="ContactService_Returns_Single_Contact_With_ContactID_1" storage="c:\users\jamyers\documents\visual studio 2010\projects\infradoc\infradoc.tests\bin\debug\infradoc.tests.dll" id="2b62bf3c-5d68-961d-05ab-287a9033dcc2">
      <Execution id="601d7308-f01d-457c-acce-474394c349fa" />
      <TestMethod codeBase="C:/Users/jamyers/documents/visual studio 2010/Projects/InfraDoc/InfraDoc.Tests/bin/Debug/InfraDoc.Tests.DLL" adapterTypeName="Microsoft.VisualStudio.TestTools.TestTypes.Unit.UnitTestAdapter, Microsoft.VisualStudio.QualityTools.Tips.UnitTest.Adapter, Version=10.0.0.0, Culture=neutral, PublicKeyToken=b03f5f7f11d50a3a" className="InfraDoc.Tests.ContactTests, InfraDoc.Tests, Version=1.0.0.0, Culture=neutral, PublicKeyToken=null" name="ContactService_Returns_Single_Contact_With_ContactID_1" />
    </UnitTest>
    <UnitTest name="SiteService_Can_Get_Sites_From_Service" storage="c:\users\jamyers\documents\visual studio 2010\projects\infradoc\infradoc.tests\bin\debug\infradoc.tests.dll" id="8f9e1449-db00-6db2-c48e-b38a2922cdef">
      <Execution id="d55e98b6-12fe-4af4-bcbb-498581675629" />
      <TestMethod codeBase="C:/Users/jamyers/documents/visual studio 2010/Projects/InfraDoc/InfraDoc.Tests/bin/Debug/InfraDoc.Tests.DLL" adapterTypeName="Microsoft.VisualStudio.TestTools.TestTypes.Unit.UnitTestAdapter, Microsoft.VisualStudio.QualityTools.Tips.UnitTest.Adapter, Version=10.0.0.0, Culture=neutral, PublicKeyToken=b03f5f7f11d50a3a" className="InfraDoc.Tests.SiteTests, InfraDoc.Tests, Version=1.0.0.0, Culture=neutral, PublicKeyToken=null" name="SiteService_Can_Get_Sites_From_Service" />
    </UnitTest>
    <UnitTest name="Index" storage="c:\users\jamyers\documents\visual studio 2010\projects\infradoc\infradoc.tests\bin\debug\infradoc.tests.dll" id="74761d47-de3b-5906-b937-efb612842a8a">
      <Execution id="e96ac6db-99ef-462b-ab61-b2ca010ddb71" />
      <TestMethod codeBase="C:/Users/jamyers/documents/visual studio 2010/Projects/InfraDoc/InfraDoc.Tests/bin/Debug/InfraDoc.Tests.DLL" adapterTypeName="Microsoft.VisualStudio.TestTools.TestTypes.Unit.UnitTestAdapter, Microsoft.VisualStudio.QualityTools.Tips.UnitTest.Adapter, Version=10.0.0.0, Culture=neutral, PublicKeyToken=b03f5f7f11d50a3a" className="InfraDoc.Tests.Controllers.HomeControllerTest, InfraDoc.Tests, Version=1.0.0.0, Culture=neutral, PublicKeyToken=null" name="Index" />
    </UnitTest>
    <UnitTest name="About" storage="c:\users\jamyers\documents\visual studio 2010\projects\infradoc\infradoc.tests\bin\debug\infradoc.tests.dll" id="bf3fe024-5191-af7f-0dc4-845cae653bdb">
      <Execution id="71527b9c-2147-4a3b-9f4c-479fab326dc8" />
      <TestMethod codeBase="C:/Users/jamyers/documents/visual studio 2010/Projects/InfraDoc/InfraDoc.Tests/bin/Debug/InfraDoc.Tests.DLL" adapterTypeName="Microsoft.VisualStudio.TestTools.TestTypes.Unit.UnitTestAdapter, Microsoft.VisualStudio.QualityTools.Tips.UnitTest.Adapter, Version=10.0.0.0, Culture=neutral, PublicKeyToken=b03f5f7f11d50a3a" className="InfraDoc.Tests.Controllers.HomeControllerTest, InfraDoc.Tests, Version=1.0.0.0, Culture=neutral, PublicKeyToken=null" name="About" />
    </UnitTest>
    <UnitTest name="Contact_Has_Site_Filter_For_Product" storage="c:\users\jamyers\documents\visual studio 2010\projects\infradoc\infradoc.tests\bin\debug\infradoc.tests.dll" id="8502a8e8-d4b5-3f83-a9b0-e8aa840be8c9">
      <Execution id="2b4a53ab-0060-48d5-b846-daa49d23db09" />
      <TestMethod codeBase="C:/Users/jamyers/documents/visual studio 2010/Projects/InfraDoc/InfraDoc.Tests/bin/Debug/InfraDoc.Tests.DLL" adapterTypeName="Microsoft.VisualStudio.TestTools.TestTypes.Unit.UnitTestAdapter, Microsoft.VisualStudio.QualityTools.Tips.UnitTest.Adapter, Version=10.0.0.0, Culture=neutral, PublicKeyToken=b03f5f7f11d50a3a" className="InfraDoc.Tests.ContactTests, InfraDoc.Tests, Version=1.0.0.0, Culture=neutral, PublicKeyToken=null" name="Contact_Has_Site_Filter_For_Product" />
    </UnitTest>
    <UnitTest name="ContactService_Returns_2_Contacts_With_Site_1" storage="c:\users\jamyers\documents\visual studio 2010\projects\infradoc\infradoc.tests\bin\debug\infradoc.tests.dll" id="60754f88-f45f-2f23-828c-96e705cb4030">
      <Execution id="2e48f21b-5c2c-4c05-b788-8a04bbb54cd8" />
      <TestMethod codeBase="C:/Users/jamyers/documents/visual studio 2010/Projects/InfraDoc/InfraDoc.Tests/bin/Debug/InfraDoc.Tests.DLL" adapterTypeName="Microsoft.VisualStudio.TestTools.TestTypes.Unit.UnitTestAdapter, Microsoft.VisualStudio.QualityTools.Tips.UnitTest.Adapter, Version=10.0.0.0, Culture=neutral, PublicKeyToken=b03f5f7f11d50a3a" className="InfraDoc.Tests.ContactTests, InfraDoc.Tests, Version=1.0.0.0, Culture=neutral, PublicKeyToken=null" name="ContactService_Returns_2_Contacts_With_Site_1" />
    </UnitTest>
    <UnitTest name="ContactRepository_Contains_Products" storage="c:\users\jamyers\documents\visual studio 2010\projects\infradoc\infradoc.tests\bin\debug\infradoc.tests.dll" id="545f2b79-054e-4c30-3c20-ac752950c10b">
      <Execution id="45458615-0122-42f9-af2e-304616f179f4" />
      <TestMethod codeBase="C:/Users/jamyers/documents/visual studio 2010/Projects/InfraDoc/InfraDoc.Tests/bin/Debug/InfraDoc.Tests.DLL" adapterTypeName="Microsoft.VisualStudio.TestTools.TestTypes.Unit.UnitTestAdapter, Microsoft.VisualStudio.QualityTools.Tips.UnitTest.Adapter, Version=10.0.0.0, Culture=neutral, PublicKeyToken=b03f5f7f11d50a3a" className="InfraDoc.Tests.ContactTests, InfraDoc.Tests, Version=1.0.0.0, Culture=neutral, PublicKeyToken=null" name="ContactRepository_Contains_Products" />
    </UnitTest>
    <UnitTest name="Repository_Returns_Single_Contact_When_Filtered_ByID_1" storage="c:\users\jamyers\documents\visual studio 2010\projects\infradoc\infradoc.tests\bin\debug\infradoc.tests.dll" id="315ddc6b-18d5-8a35-40da-00a33219ffb4">
      <Execution id="8211db8d-a48c-4c10-a034-b93a1ac45f7b" />
      <TestMethod codeBase="C:/Users/jamyers/documents/visual studio 2010/Projects/InfraDoc/InfraDoc.Tests/bin/Debug/InfraDoc.Tests.DLL" adapterTypeName="Microsoft.VisualStudio.TestTools.TestTypes.Unit.UnitTestAdapter, Microsoft.VisualStudio.QualityTools.Tips.UnitTest.Adapter, Version=10.0.0.0, Culture=neutral, PublicKeyToken=b03f5f7f11d50a3a" className="InfraDoc.Tests.ContactTests, InfraDoc.Tests, Version=1.0.0.0, Culture=neutral, PublicKeyToken=null" name="Repository_Returns_Single_Contact_When_Filtered_ByID_1" />
    </UnitTest>
    <UnitTest name="Contact_ShouldHave_Name_PhoneNumber_Email_Site_Fields" storage="c:\users\jamyers\documents\visual studio 2010\projects\infradoc\infradoc.tests\bin\debug\infradoc.tests.dll" id="5dc1174a-51f4-70de-9182-b07a3d85d841">
      <Execution id="f57bee15-5fc4-406b-a596-cd35cc369a1d" />
      <TestMethod codeBase="C:/Users/jamyers/documents/visual studio 2010/Projects/InfraDoc/InfraDoc.Tests/bin/Debug/InfraDoc.Tests.DLL" adapterTypeName="Microsoft.VisualStudio.TestTools.TestTypes.Unit.UnitTestAdapter, Microsoft.VisualStudio.QualityTools.Tips.UnitTest.Adapter, Version=10.0.0.0, Culture=neutral, PublicKeyToken=b03f5f7f11d50a3a" className="InfraDoc.Tests.ContactTests, InfraDoc.Tests, Version=1.0.0.0, Culture=neutral, PublicKeyToken=null" name="Contact_ShouldHave_Name_PhoneNumber_Email_Site_Fields" />
    </UnitTest>
    <UnitTest name="SiteRepository_Repository_IsNotNull" storage="c:\users\jamyers\documents\visual studio 2010\projects\infradoc\infradoc.tests\bin\debug\infradoc.tests.dll" id="eb396982-d821-7c6b-3c5d-ef0589f8edc1">
      <Execution id="379eb42a-5954-461c-b300-3e57de1ceea7" />
      <TestMethod codeBase="C:/Users/jamyers/documents/visual studio 2010/Projects/InfraDoc/InfraDoc.Tests/bin/Debug/InfraDoc.Tests.DLL" adapterTypeName="Microsoft.VisualStudio.TestTools.TestTypes.Unit.UnitTestAdapter, Microsoft.VisualStudio.QualityTools.Tips.UnitTest.Adapter, Version=10.0.0.0, Culture=neutral, PublicKeyToken=b03f5f7f11d50a3a" className="InfraDoc.Tests.SiteTests, InfraDoc.Tests, Version=1.0.0.0, Culture=neutral, PublicKeyToken=null" name="SiteRepository_Repository_IsNotNull" />
    </UnitTest>
  </TestDefinitions>
  <TestLists>
    <TestList name="Results Not in a List" id="8c84fa94-04c1-424b-9868-57a2d4851a1d" />
    <TestList name="All Loaded Results" id="19431567-8539-422a-85d7-44ee4e166bda" />
  </TestLists>
  <TestEntries>
    <TestEntry testId="2b62bf3c-5d68-961d-05ab-287a9033dcc2" executionId="601d7308-f01d-457c-acce-474394c349fa" testListId="8c84fa94-04c1-424b-9868-57a2d4851a1d" />
    <TestEntry testId="315ddc6b-18d5-8a35-40da-00a33219ffb4" executionId="8211db8d-a48c-4c10-a034-b93a1ac45f7b" testListId="8c84fa94-04c1-424b-9868-57a2d4851a1d" />
    <TestEntry testId="545f2b79-054e-4c30-3c20-ac752950c10b" executionId="45458615-0122-42f9-af2e-304616f179f4" testListId="8c84fa94-04c1-424b-9868-57a2d4851a1d" />
    <TestEntry testId="5dc1174a-51f4-70de-9182-b07a3d85d841" executionId="f57bee15-5fc4-406b-a596-cd35cc369a1d" testListId="8c84fa94-04c1-424b-9868-57a2d4851a1d" />
    <TestEntry testId="60754f88-f45f-2f23-828c-96e705cb4030" executionId="2e48f21b-5c2c-4c05-b788-8a04bbb54cd8" testListId="8c84fa94-04c1-424b-9868-57a2d4851a1d" />
    <TestEntry testId="74761d47-de3b-5906-b937-efb612842a8a" executionId="e96ac6db-99ef-462b-ab61-b2ca010ddb71" testListId="8c84fa94-04c1-424b-9868-57a2d4851a1d" />
    <TestEntry testId="7e9f73dd-243d-0385-84c2-425cb200fde9" executionId="7fd2d0ba-3a1e-4319-8482-f7ce61e2795c" testListId="8c84fa94-04c1-424b-9868-57a2d4851a1d" />
    <TestEntry testId="8502a8e8-d4b5-3f83-a9b0-e8aa840be8c9" executionId="2b4a53ab-0060-48d5-b846-daa49d23db09" testListId="8c84fa94-04c1-424b-9868-57a2d4851a1d" />
    <TestEntry testId="8f9e1449-db00-6db2-c48e-b38a2922cdef" executionId="d55e98b6-12fe-4af4-bcbb-498581675629" testListId="8c84fa94-04c1-424b-9868-57a2d4851a1d" />
    <TestEntry testId="bf3fe024-5191-af7f-0dc4-845cae653bdb" executionId="71527b9c-2147-4a3b-9f4c-479fab326dc8" testListId="8c84fa94-04c1-424b-9868-57a2d4851a1d" />
    <TestEntry testId="eb396982-d821-7c6b-3c5d-ef0589f8edc1" executionId="379eb42a-5954-461c-b300-3e57de1ceea7" testListId="8c84fa94-04c1-424b-9868-57a2d4851a1d" />
  </TestEntries>
  <Results>
    <UnitTestResult executionId="601d7308-f01d-457c-acce-474394c349fa" testId="2b62bf3c-5d68-961d-05ab-287a9033dcc2" testName="ContactService_Returns_Single_Contact_With_ContactID_1" computerName="CCS10600LT" duration="00:00:00.0570125" startTime="2012-04-06T10:12:24.5853938-05:00" endTime="2012-04-06T10:12:24.8453860-05:00" testType="13cdc9d9-ddb5-4fa4-a97d-d965ccfc6d4b" outcome="Passed" testListId="8c84fa94-04c1-424b-9868-57a2d4851a1d" relativeResultsDirectory="601d7308-f01d-457c-acce-474394c349fa">
    </UnitTestResult>
    <UnitTestResult executionId="8211db8d-a48c-4c10-a034-b93a1ac45f7b" testId="315ddc6b-18d5-8a35-40da-00a33219ffb4" testName="Repository_Returns_Single_Contact_When_Filtered_ByID_1" computerName="CCS10600LT" duration="00:00:00.0028857" startTime="2012-04-06T10:12:24.8453860-05:00" endTime="2012-04-06T10:12:24.8553857-05:00" testType="13cdc9d9-ddb5-4fa4-a97d-d965ccfc6d4b" outcome="Passed" testListId="8c84fa94-04c1-424b-9868-57a2d4851a1d" relativeResultsDirectory="8211db8d-a48c-4c10-a034-b93a1ac45f7b">
    </UnitTestResult>
    <UnitTestResult executionId="45458615-0122-42f9-af2e-304616f179f4" testId="545f2b79-054e-4c30-3c20-ac752950c10b" testName="ContactRepository_Contains_Products" computerName="CCS10600LT" duration="00:00:00.0002393" startTime="2012-04-06T10:12:24.8553857-05:00" endTime="2012-04-06T10:12:24.8653854-05:00" testType="13cdc9d9-ddb5-4fa4-a97d-d965ccfc6d4b" outcome="Passed" testListId="8c84fa94-04c1-424b-9868-57a2d4851a1d" relativeResultsDirectory="45458615-0122-42f9-af2e-304616f179f4">
    </UnitTestResult>
    <UnitTestResult executionId="f57bee15-5fc4-406b-a596-cd35cc369a1d" testId="5dc1174a-51f4-70de-9182-b07a3d85d841" testName="Contact_ShouldHave_Name_PhoneNumber_Email_Site_Fields" computerName="CCS10600LT" duration="00:00:00.0007414" startTime="2012-04-06T10:12:24.8653854-05:00" endTime="2012-04-06T10:12:24.8753851-05:00" testType="13cdc9d9-ddb5-4fa4-a97d-d965ccfc6d4b" outcome="Passed" testListId="8c84fa94-04c1-424b-9868-57a2d4851a1d" relativeResultsDirectory="f57bee15-5fc4-406b-a596-cd35cc369a1d">
    </UnitTestResult>
    <UnitTestResult executionId="2e48f21b-5c2c-4c05-b788-8a04bbb54cd8" testId="60754f88-f45f-2f23-828c-96e705cb4030" testName="ContactService_Returns_2_Contacts_With_Site_1" computerName="CCS10600LT" duration="00:00:00.0020819" startTime="2012-04-06T10:12:24.8753851-05:00" endTime="2012-04-06T10:12:24.8753851-05:00" testType="13cdc9d9-ddb5-4fa4-a97d-d965ccfc6d4b" outcome="Passed" testListId="8c84fa94-04c1-424b-9868-57a2d4851a1d" relativeResultsDirectory="2e48f21b-5c2c-4c05-b788-8a04bbb54cd8">
    </UnitTestResult>
    <UnitTestResult executionId="e96ac6db-99ef-462b-ab61-b2ca010ddb71" testId="74761d47-de3b-5906-b937-efb612842a8a" testName="Index" computerName="CCS10600LT" duration="00:00:00.0486749" startTime="2012-04-06T10:12:24.8753851-05:00" endTime="2012-04-06T10:12:24.9353833-05:00" testType="13cdc9d9-ddb5-4fa4-a97d-d965ccfc6d4b" outcome="Passed" testListId="8c84fa94-04c1-424b-9868-57a2d4851a1d" relativeResultsDirectory="e96ac6db-99ef-462b-ab61-b2ca010ddb71">
    </UnitTestResult>
    <UnitTestResult executionId="7fd2d0ba-3a1e-4319-8482-f7ce61e2795c" testId="7e9f73dd-243d-0385-84c2-425cb200fde9" testName="Repository_SiteFilter_Returns_2_Contacts_With_Site_1" computerName="CCS10600LT" duration="00:00:00.0045688" startTime="2012-04-06T10:12:24.9353833-05:00" endTime="2012-04-06T10:12:24.9453830-05:00" testType="13cdc9d9-ddb5-4fa4-a97d-d965ccfc6d4b" outcome="Passed" testListId="8c84fa94-04c1-424b-9868-57a2d4851a1d" relativeResultsDirectory="7fd2d0ba-3a1e-4319-8482-f7ce61e2795c">
    </UnitTestResult>
    <UnitTestResult executionId="2b4a53ab-0060-48d5-b846-daa49d23db09" testId="8502a8e8-d4b5-3f83-a9b0-e8aa840be8c9" testName="Contact_Has_Site_Filter_For_Product" computerName="CCS10600LT" duration="00:00:00.0013891" startTime="2012-04-06T10:12:24.9453830-05:00" endTime="2012-04-06T10:12:24.9553827-05:00" testType="13cdc9d9-ddb5-4fa4-a97d-d965ccfc6d4b" outcome="Passed" testListId="8c84fa94-04c1-424b-9868-57a2d4851a1d" relativeResultsDirectory="2b4a53ab-0060-48d5-b846-daa49d23db09">
    </UnitTestResult>
    <UnitTestResult executionId="d55e98b6-12fe-4af4-bcbb-498581675629" testId="8f9e1449-db00-6db2-c48e-b38a2922cdef" testName="SiteService_Can_Get_Sites_From_Service" computerName="CCS10600LT" duration="00:00:00.0025448" startTime="2012-04-06T10:12:24.9553827-05:00" endTime="2012-04-06T10:12:24.9653824-05:00" testType="13cdc9d9-ddb5-4fa4-a97d-d965ccfc6d4b" outcome="Passed" testListId="8c84fa94-04c1-424b-9868-57a2d4851a1d" relativeResultsDirectory="d55e98b6-12fe-4af4-bcbb-498581675629">
    </UnitTestResult>
    <UnitTestResult executionId="71527b9c-2147-4a3b-9f4c-479fab326dc8" testId="bf3fe024-5191-af7f-0dc4-845cae653bdb" testName="About" computerName="CCS10600LT" duration="00:00:00.0077093" startTime="2012-04-06T10:12:24.9753821-05:00" endTime="2012-04-06T10:12:24.9953815-05:00" testType="13cdc9d9-ddb5-4fa4-a97d-d965ccfc6d4b" outcome="Passed" testListId="8c84fa94-04c1-424b-9868-57a2d4851a1d" relativeResultsDirectory="71527b9c-2147-4a3b-9f4c-479fab326dc8">
    </UnitTestResult>
    <UnitTestResult executionId="379eb42a-5954-461c-b300-3e57de1ceea7" testId="eb396982-d821-7c6b-3c5d-ef0589f8edc1" testName="SiteRepository_Repository_IsNotNull" computerName="CCS10600LT" duration="00:00:00.0001715" startTime="2012-04-06T10:12:24.9953815-05:00" endTime="2012-04-06T10:12:24.9953815-05:00" testType="13cdc9d9-ddb5-4fa4-a97d-d965ccfc6d4b" outcome="Passed" testListId="8c84fa94-04c1-424b-9868-57a2d4851a1d" relativeResultsDirectory="379eb42a-5954-461c-b300-3e57de1ceea7">
    </UnitTestResult>
  </Results>
</TestRun>